# JRE version: Java(TM) SE Runtime Environment (8.0_231-b11) (build 1.8.0_231-b11)
# Java VM: Java HotSpot(TM) 64-Bit Server VM (25.231-b11 mixed mode windows-amd64 compressed oops)
Heap:
 PSYoungGen      total 203776K, used 77320K [0x00000000f0000000, 0x0000000100000000, 0x0000000100000000)
  eden space 157696K, 19% used [0x00000000f0000000,0x00000000f1eb49b8,0x00000000f9a00000)
  from space 46080K, 99% used [0x00000000f9a00000,0x00000000fc6cd958,0x00000000fc700000)
  to   space 57344K, 0% used [0x00000000fc800000,0x00000000fc800000,0x0000000100000000)
 ParOldGen       total 214528K, used 106468K [0x00000000d0000000, 0x00000000dd180000, 0x00000000f0000000)
  object space 214528K, 49% used [0x00000000d0000000,0x00000000d67f9250,0x00000000dd180000)
 Metaspace       used 74034K, capacity 77204K, committed 77272K, reserved 1118208K
  class space    used 8518K, capacity 9455K, committed 9472K, reserved 1048576K
GC Heap History (10 events):
Event: 17.523 GC heap before
{Heap before GC invocations=46 (full 5):
 PSYoungGen      total 219136K, used 209464K [0x00000000f0000000, 0x0000000100000000, 0x0000000100000000)
  eden space 185344K, 96% used [0x00000000f0000000,0x00000000fae460b8,0x00000000fb500000)
  from space 33792K, 91% used [0x00000000fdf00000,0x00000000ffd48170,0x0000000100000000)
  to   space 38400K, 0% used [0x00000000fb500000,0x00000000fb500000,0x00000000fda80000)
 ParOldGen       total 214528K, used 96662K [0x00000000d0000000, 0x00000000dd180000, 0x00000000f0000000)
  object space 214528K, 45% used [0x00000000d0000000,0x00000000d5e65880,0x00000000dd180000)
 Metaspace       used 68349K, capacity 70526K, committed 70744K, reserved 1112064K
  class space    used 7796K, capacity 8477K, committed 8576K, reserved 1048576K
Event: 17.540 GC heap after
Heap after GC invocations=46 (full 5):
 PSYoungGen      total 217600K, used 31997K [0x00000000f0000000, 0x0000000100000000, 0x0000000100000000)
  eden space 185344K, 0% used [0x00000000f0000000,0x00000000f0000000,0x00000000fb500000)
  from space 32256K, 99% used [0x00000000fb500000,0x00000000fd43f608,0x00000000fd480000)
  to   space 41472K, 0% used [0x00000000fd780000,0x00000000fd780000,0x0000000100000000)
 ParOldGen       total 214528K, used 96670K [0x00000000d0000000, 0x00000000dd180000, 0x00000000f0000000)
  object space 214528K, 45% used [0x00000000d0000000,0x00000000d5e67880,0x00000000dd180000)
 Metaspace       used 68349K, capacity 70526K, committed 70744K, reserved 1112064K
  class space    used 7796K, capacity 8477K, committed 8576K, reserved 1048576K
}
Event: 18.219 GC heap before
{Heap before GC invocations=47 (full 5):
 PSYoungGen      total 217600K, used 217341K [0x00000000f0000000, 0x0000000100000000, 0x0000000100000000)
  eden space 185344K, 100% used [0x00000000f0000000,0x00000000fb500000,0x00000000fb500000)
  from space 32256K, 99% used [0x00000000fb500000,0x00000000fd43f608,0x00000000fd480000)
  to   space 41472K, 0% used [0x00000000fd780000,0x00000000fd780000,0x0000000100000000)
 ParOldGen       total 214528K, used 106444K [0x00000000d0000000, 0x00000000dd180000, 0x00000000f0000000)
  object space 214528K, 49% used [0x00000000d0000000,0x00000000d67f3250,0x00000000dd180000)
 Metaspace       used 69429K, capacity 71686K, committed 71896K, reserved 1112064K
  class space    used 7932K, capacity 8663K, committed 8704K, reserved 1048576K
Event: 18.233 GC heap after
Heap after GC invocations=47 (full 5):
 PSYoungGen      total 214528K, used 32931K [0x00000000f0000000, 0x0000000100000000, 0x0000000100000000)
  eden space 173056K, 0% used [0x00000000f0000000,0x00000000f0000000,0x00000000fa900000)
  from space 41472K, 79% used [0x00000000fd780000,0x00000000ff7a8fa8,0x0000000100000000)
  to   space 44544K, 0% used [0x00000000fa900000,0x00000000fa900000,0x00000000fd480000)
 ParOldGen       total 214528K, used 106452K [0x00000000d0000000, 0x00000000dd180000, 0x00000000f0000000)
  object space 214528K, 49% used [0x00000000d0000000,0x00000000d67f5250,0x00000000dd180000)
 Metaspace       used 69429K, capacity 71686K, committed 71896K, reserved 1112064K
  class space    used 7932K, capacity 8663K, committed 8704K, reserved 1048576K
}
Event: 19.024 GC heap before
{Heap before GC invocations=48 (full 5):
 PSYoungGen      total 214528K, used 205987K [0x00000000f0000000, 0x0000000100000000, 0x0000000100000000)
  eden space 173056K, 100% used [0x00000000f0000000,0x00000000fa900000,0x00000000fa900000)
  from space 41472K, 79% used [0x00000000fd780000,0x00000000ff7a8fa8,0x0000000100000000)
  to   space 44544K, 0% used [0x00000000fa900000,0x00000000fa900000,0x00000000fd480000)
 ParOldGen       total 214528K, used 106452K [0x00000000d0000000, 0x00000000dd180000, 0x00000000f0000000)
  object space 214528K, 49% used [0x00000000d0000000,0x00000000d67f5250,0x00000000dd180000)
 Metaspace       used 70151K, capacity 72610K, committed 72920K, reserved 1114112K
  class space    used 8053K, capacity 8837K, committed 8960K, reserved 1048576K
Event: 19.037 GC heap after
Heap after GC invocations=48 (full 5):
 PSYoungGen      total 208384K, used 34903K [0x00000000f0000000, 0x0000000100000000, 0x0000000100000000)
  eden space 173056K, 0% used [0x00000000f0000000,0x00000000f0000000,0x00000000fa900000)
  from space 35328K, 98% used [0x00000000fa900000,0x00000000fcb15e40,0x00000000fcb80000)
  to   space 47616K, 0% used [0x00000000fd180000,0x00000000fd180000,0x0000000100000000)
 ParOldGen       total 214528K, used 106460K [0x00000000d0000000, 0x00000000dd180000, 0x00000000f0000000)
  object space 214528K, 49% used [0x00000000d0000000,0x00000000d67f7250,0x00000000dd180000)
 Metaspace       used 70151K, capacity 72610K, committed 72920K, reserved 1114112K
  class space    used 8053K, capacity 8837K, committed 8960K, reserved 1048576K
}
Event: 28.092 GC heap before
{Heap before GC invocations=49 (full 5):
 PSYoungGen      total 208384K, used 203469K [0x00000000f0000000, 0x0000000100000000, 0x0000000100000000)
  eden space 173056K, 97% used [0x00000000f0000000,0x00000000fa49d760,0x00000000fa900000)
  from space 35328K, 98% used [0x00000000fa900000,0x00000000fcb15e40,0x00000000fcb80000)
  to   space 47616K, 0% used [0x00000000fd180000,0x00000000fd180000,0x0000000100000000)
 ParOldGen       total 214528K, used 106460K [0x00000000d0000000, 0x00000000dd180000, 0x00000000f0000000)
  object space 214528K, 49% used [0x00000000d0000000,0x00000000d67f7250,0x00000000dd180000)
 Metaspace       used 71448K, capacity 74140K, committed 74328K, reserved 1114112K
  class space    used 8250K, capacity 9077K, committed 9088K, reserved 1048576K
Event: 28.107 GC heap after
Heap after GC invocations=49 (full 5):
 PSYoungGen      total 205312K, used 40212K [0x00000000f0000000, 0x0000000100000000, 0x0000000100000000)
  eden space 157696K, 0% used [0x00000000f0000000,0x00000000f0000000,0x00000000f9a00000)
  from space 47616K, 84% used [0x00000000fd180000,0x00000000ff8c52e0,0x0000000100000000)
  to   space 52224K, 0% used [0x00000000f9a00000,0x00000000f9a00000,0x00000000fcd00000)
 ParOldGen       total 214528K, used 106460K [0x00000000d0000000, 0x00000000dd180000, 0x00000000f0000000)
  object space 214528K, 49% used [0x00000000d0000000,0x00000000d67f7250,0x00000000dd180000)
 Metaspace       used 71448K, capacity 74140K, committed 74328K, reserved 1114112K
  class space    used 8250K, capacity 9077K, committed 9088K, reserved 1048576K
}
Event: 503.186 GC heap before
{Heap before GC invocations=50 (full 5):
 PSYoungGen      total 205312K, used 197908K [0x00000000f0000000, 0x0000000100000000, 0x0000000100000000)
  eden space 157696K, 100% used [0x00000000f0000000,0x00000000f9a00000,0x00000000f9a00000)
  from space 47616K, 84% used [0x00000000fd180000,0x00000000ff8c52e0,0x0000000100000000)
  to   space 52224K, 0% used [0x00000000f9a00000,0x00000000f9a00000,0x00000000fcd00000)
 ParOldGen       total 214528K, used 106460K [0x00000000d0000000, 0x00000000dd180000, 0x00000000f0000000)
  object space 214528K, 49% used [0x00000000d0000000,0x00000000d67f7250,0x00000000dd180000)
 Metaspace       used 73212K, capacity 76110K, committed 76248K, reserved 1116160K
  class space    used 8446K, capacity 9354K, committed 9472K, reserved 1048576K
Event: 503.203 GC heap after
Heap after GC invocations=50 (full 5):
 PSYoungGen      total 203776K, used 45878K [0x00000000f0000000, 0x0000000100000000, 0x0000000100000000)
  eden space 157696K, 0% used [0x00000000f0000000,0x00000000f0000000,0x00000000f9a00000)
  from space 46080K, 99% used [0x00000000f9a00000,0x00000000fc6cd958,0x00000000fc700000)
  to   space 57344K, 0% used [0x00000000fc800000,0x00000000fc800000,0x0000000100000000)
 ParOldGen       total 214528K, used 106468K [0x00000000d0000000, 0x00000000dd180000, 0x00000000f0000000)
  object space 214528K, 49% used [0x00000000d0000000,0x00000000d67f9250,0x00000000dd180000)
 Metaspace       used 73212K, capacity 76110K, committed 76248K, reserved 1116160K
  class space    used 8446K, capacity 9354K, committed 9472K, reserved 1048576K
}

